c:\users\strike report\documents\visual studio 2017\taller visual studio\taller 3.1.0 2017\taller 3.1.0 2017\debug\vc141.pdb
c:\users\strike report\documents\visual studio 2017\taller visual studio\taller 3.1.0 2017\taller 3.1.0 2017\debug\vc141.idb
c:\users\strike report\documents\visual studio 2017\taller visual studio\taller 3.1.0 2017\taller 3.1.0 2017\debug\main.obj
c:\users\strike report\documents\visual studio 2017\taller visual studio\taller 3.1.0 2017\taller 3.1.0 2017\debug\vista.obj
c:\users\strike report\documents\visual studio 2017\taller visual studio\taller 3.2.0 2017\taller 3.1.0 2017\taller 3.1.0 2017\debug\vc141.pdb
c:\users\strike report\documents\visual studio 2017\taller visual studio\taller 3.2.0 2017\taller 3.1.0 2017\taller 3.1.0 2017\debug\vc141.idb
c:\users\strike report\documents\visual studio 2017\taller visual studio\taller 3.2.0 2017\taller 3.1.0 2017\taller 3.1.0 2017\debug\main.obj
c:\users\strike report\documents\visual studio 2017\taller visual studio\taller 3.2.0 2017\taller 3.1.0 2017\taller 3.1.0 2017\debug\vista.obj
c:\users\strike report\documents\visual studio 2017\taller visual studio\taller 3.2.0 2017\taller 3.1.0 2017\taller 3.1.0 2017\debug\nodoenhebrado.obj
c:\users\strike report\documents\visual studio 2017\taller visual studio\taller 3.1.0 2017\debug\taller 3.1.0 2017.exe
c:\users\strike report\documents\visual studio 2017\taller visual studio\taller 3.1.0 2017\debug\taller 3.1.0 2017.ilk
c:\users\strike report\documents\visual studio 2017\taller visual studio\taller 3.1.0 2017\debug\taller 3.1.0 2017.pdb
c:\users\strike report\documents\visual studio 2017\taller visual studio\taller 3.2.0 2017\taller 3.1.0 2017\debug\taller 3.1.0 2017.ilk
c:\users\strike report\documents\visual studio 2017\taller visual studio\taller 3.2.0 2017\taller 3.1.0 2017\debug\taller 3.1.0 2017.exe
c:\users\strike report\documents\visual studio 2017\taller visual studio\taller 3.2.0 2017\taller 3.1.0 2017\debug\taller 3.1.0 2017.pdb
c:\users\strike report\documents\visual studio 2017\taller visual studio\taller 3.2.0 2017\taller 3.1.0 2017\taller 3.1.0 2017\debug\controlador.obj.enc
c:\users\strike report\documents\visual studio 2017\taller visual studio\taller 3.2.0 2017\taller 3.1.0 2017\taller 3.1.0 2017\debug\taller 3.ffea430f.tlog\cl.command.1.tlog
c:\users\strike report\documents\visual studio 2017\taller visual studio\taller 3.2.0 2017\taller 3.1.0 2017\taller 3.1.0 2017\debug\taller 3.ffea430f.tlog\cl.read.1.tlog
c:\users\strike report\documents\visual studio 2017\taller visual studio\taller 3.2.0 2017\taller 3.1.0 2017\taller 3.1.0 2017\debug\taller 3.ffea430f.tlog\cl.write.1.tlog
c:\users\strike report\documents\visual studio 2017\taller visual studio\taller 3.2.0 2017\taller 3.1.0 2017\taller 3.1.0 2017\debug\taller 3.ffea430f.tlog\link.command.1.tlog
c:\users\strike report\documents\visual studio 2017\taller visual studio\taller 3.2.0 2017\taller 3.1.0 2017\taller 3.1.0 2017\debug\taller 3.ffea430f.tlog\link.read.1.tlog
c:\users\strike report\documents\visual studio 2017\taller visual studio\taller 3.2.0 2017\taller 3.1.0 2017\taller 3.1.0 2017\debug\taller 3.ffea430f.tlog\link.write.1.tlog
